<?xml version="1.0" encoding="UTF-8"?>
<testng-results ignored="0" total="1" passed="1" failed="0" skipped="0">
  <reporter-output>
  </reporter-output>
  <suite started-at="2021-08-26T08:18:34 BST" name="Default suite" finished-at="2021-08-26T08:19:38 BST" duration-ms="64254">
    <groups>
    </groups>
    <test started-at="2021-08-26T08:18:34 BST" name="Default test" finished-at="2021-08-26T08:19:38 BST" duration-ms="64254">
      <class name="tests.motorolaExercise">
        <test-method is-config="true" signature="setup()[pri:0, instance:tests.motorolaExercise@5b03b9fe]" started-at="2021-08-26T08:18:34 BST" name="setup" finished-at="2021-08-26T08:18:45 BST" duration-ms="11729" status="PASS">
          <reporter-output>
          </reporter-output>
        </test-method> <!-- setup -->
        <test-method signature="test()[pri:0, instance:tests.motorolaExercise@5b03b9fe]" started-at="2021-08-26T08:18:45 BST" name="test" finished-at="2021-08-26T08:19:38 BST" duration-ms="52466" status="PASS">
          <reporter-output>
          </reporter-output>
        </test-method> <!-- test -->
        <test-method is-config="true" signature="teardown()[pri:0, instance:tests.motorolaExercise@5b03b9fe]" started-at="2021-08-26T08:19:38 BST" name="teardown" finished-at="2021-08-26T08:19:38 BST" duration-ms="1" status="PASS">
          <reporter-output>
          </reporter-output>
        </test-method> <!-- teardown -->
      </class> <!-- tests.motorolaExercise -->
    </test> <!-- Default test -->
  </suite> <!-- Default suite -->
</testng-results>
